c:\users\ty123\documents\visual studio 2013\projects\mydriver1\x64\win7debug\mydriver1.sys
c:\users\ty123\documents\visual studio 2013\projects\mydriver1\mydriver1\x64\win7debug\mydriver1.inf
c:\users\ty123\documents\visual studio 2013\projects\mydriver1\mydriver1\x64\win7debug\vc120.pdb
c:\users\ty123\documents\visual studio 2013\projects\mydriver1\mydriver1\x64\win7debug\源.obj
c:\users\ty123\documents\visual studio 2013\projects\mydriver1\mydriver1\x64\win7debug\main.obj
c:\users\ty123\documents\visual studio 2013\projects\mydriver1\x64\win7debug\mydriver1.pdb
c:\users\ty123\documents\visual studio 2013\projects\mydriver1\x64\win7debug\mydriver1.cer
c:\users\ty123\documents\visual studio 2013\projects\mydriver1\x64\win7debug\mydriver1.inf
c:\users\ty123\documents\visual studio 2013\projects\mydriver1\mydriver1\x64\win7debug\signtool.command.1.tlog
c:\users\ty123\documents\visual studio 2013\projects\mydriver1\mydriver1\x64\win7debug\signtool.read.1.tlog
c:\users\ty123\documents\visual studio 2013\projects\mydriver1\mydriver1\x64\win7debug\signtool.write.1.tlog
c:\users\ty123\documents\visual studio 2013\projects\mydriver1\mydriver1\x64\win7debug\stampinf.command.1.tlog
c:\users\ty123\documents\visual studio 2013\projects\mydriver1\mydriver1\x64\win7debug\stampinf.read.1.tlog
c:\users\ty123\documents\visual studio 2013\projects\mydriver1\mydriver1\x64\win7debug\stampinf.write.1.tlog
c:\users\ty123\documents\visual studio 2013\projects\mydriver1\mydriver1\x64\win7debug\mydriver1.tlog\cl.command.1.tlog
c:\users\ty123\documents\visual studio 2013\projects\mydriver1\mydriver1\x64\win7debug\mydriver1.tlog\cl.read.1.tlog
c:\users\ty123\documents\visual studio 2013\projects\mydriver1\mydriver1\x64\win7debug\mydriver1.tlog\cl.write.1.tlog
c:\users\ty123\documents\visual studio 2013\projects\mydriver1\mydriver1\x64\win7debug\mydriver1.tlog\link.command.1.tlog
c:\users\ty123\documents\visual studio 2013\projects\mydriver1\mydriver1\x64\win7debug\mydriver1.tlog\link.read.1.tlog
c:\users\ty123\documents\visual studio 2013\projects\mydriver1\mydriver1\x64\win7debug\mydriver1.tlog\link.write.1.tlog
